ď»ż
> beforeyousign@0.1.0 build
> next build

   Ă”Ă»â–“ Next.js 16.0.7 (Turbopack)
   - Environments: .env.local, .env

   Creating an optimized production build ...
 Ă”ÂŁĂ´ Compiled successfully in 16.7s
   Running TypeScript ...
   Collecting page data using 15 workers ...
   Generating static pages using 15 workers (0/63) ...
   Generating static pages using 15 workers (15/63) 
   Generating static pages using 15 workers (31/63) 
Â­Ć’Ă¶Ă¬ Builder created, library size: [33m4[39m
Â­Ć’Ă´ĂŻ Category: preamble, Clauses found: 1 [ [32m'Standard Agreement Preamble'[39m ]
   Generating static pages using 15 workers (47/63) 
 Ă”ÂŁĂ´ Generating static pages using 15 workers (63/63) in 1634.7ms
   Finalizing page optimization ...

Route (app)
Ă”Ă¶Ă® Ă”ĂąĂŻ /
Ă”Ă¶ÂŁ Ă”ĂąĂŻ /_not-found
Ă”Ă¶ÂŁ Ă”ĂąĂŻ /admin
Ă”Ă¶ÂŁ Ă”ĂąĂŻ /analytics
Ă”Ă¶ÂŁ Ă”ĂąĂŻ /analyze
Ă”Ă¶ÂŁ ĂŁĂ† /api/analytics/kpis
Ă”Ă¶ÂŁ ĂŁĂ† /api/analytics/portfolio
Ă”Ă¶ÂŁ ĂŁĂ† /api/analytics/savings
Ă”Ă¶ÂŁ ĂŁĂ† /api/analyze
Ă”Ă¶ÂŁ ĂŁĂ† /api/analyze-advanced
Ă”Ă¶ÂŁ ĂŁĂ† /api/auth/[...nextauth]
Ă”Ă¶ÂŁ ĂŁĂ† /api/collaboration/sessions
Ă”Ă¶ÂŁ ĂŁĂ† /api/drafting
Ă”Ă¶ÂŁ ĂŁĂ† /api/lifecycle/workflows
Ă”Ă¶ÂŁ ĂŁĂ† /api/negotiate
Ă”Ă¶ÂŁ ĂŁĂ† /api/negotiate-live
Ă”Ă¶ÂŁ ĂŁĂ† /api/pdf/compress
Ă”Ă¶ÂŁ ĂŁĂ† /api/pdf/from-image
Ă”Ă¶ÂŁ ĂŁĂ† /api/pdf/info
Ă”Ă¶ÂŁ ĂŁĂ† /api/pdf/merge
Ă”Ă¶ÂŁ ĂŁĂ† /api/pdf/protect
Ă”Ă¶ÂŁ ĂŁĂ† /api/pdf/rotate
Ă”Ă¶ÂŁ ĂŁĂ† /api/pdf/split
Ă”Ă¶ÂŁ ĂŁĂ† /api/pdf/to-image
Ă”Ă¶ÂŁ ĂŁĂ† /api/playbook
Ă”Ă¶ÂŁ ĂŁĂ† /api/share
Ă”Ă¶ÂŁ ĂŁĂ† /api/share/[shareId]
Ă”Ă¶ÂŁ ĂŁĂ† /api/templates/build
Ă”Ă¶ÂŁ ĂŁĂ† /api/templates/clauses
Ă”Ă¶ÂŁ ĂŁĂ† /auth/callback
Ă”Ă¶ÂŁ Ă”ĂąĂŻ /auth/signin
Ă”Ă¶ÂŁ Ă”ĂąĂŻ /auth/signup
Ă”Ă¶ÂŁ Ă”ĂąĂŻ /automation
Ă”Ă¶ÂŁ Ă”ĂąĂŻ /benchmark
Ă”Ă¶ÂŁ Ă”ĂąĂŻ /blockchain
Ă”Ă¶ÂŁ ĂŁĂ† /book/[lawyerId]
Ă”Ă¶ÂŁ Ă”ĂąĂŻ /chat
Ă”Ă¶ÂŁ Ă”ĂąĂŻ /clauses
Ă”Ă¶ÂŁ Ă”ĂąĂŻ /compare
Ă”Ă¶ÂŁ Ă”ĂąĂŻ /compliance
Ă”Ă¶ÂŁ Ă”ĂąĂŻ /contracts
Ă”Ă¶ÂŁ Ă”ĂąĂŻ /drafting
Ă”Ă¶ÂŁ Ă”ĂąĂŻ /esignature
Ă”Ă¶ÂŁ Ă”ĂąĂŻ /features
Ă”Ă¶ÂŁ Ă”ĂąĂŻ /intelligence
Ă”Ă¶ÂŁ Ă”ĂąĂŻ /lawyers
Ă”Ă¶ÂŁ ĂŁĂ† /lawyers/[id]
Ă”Ă¶ÂŁ Ă”ĂąĂŻ /lawyers/register
Ă”Ă¶ÂŁ Ă”ĂąĂŻ /library
Ă”Ă¶ÂŁ Ă”ĂąĂŻ /market-intelligence
Ă”Ă¶ÂŁ Ă”ĂąĂŻ /multi-language
Ă”Ă¶ÂŁ Ă”ĂąĂŻ /negotiate
Ă”Ă¶ÂŁ Ă”ĂąĂŻ /notifications
Ă”Ă¶ÂŁ Ă”ĂąĂŻ /obligations
Ă”Ă¶ÂŁ Ă”ĂąĂŻ /playbooks
Ă”Ă¶ÂŁ Ă”ĂąĂŻ /profile
Ă”Ă¶ÂŁ Ă”ĂąĂŻ /renewals
Ă”Ă¶ÂŁ Ă”ĂąĂŻ /risk
Ă”Ă¶ÂŁ Ă”ĂąĂŻ /search
Ă”Ă¶ÂŁ Ă”ĂąĂŻ /settings
Ă”Ă¶ÂŁ ĂŁĂ† /share/[shareId]
Ă”Ă¶ÂŁ Ă”ĂąĂŻ /team
Ă”Ă¶ÂŁ Ă”ĂąĂŻ /template-builder
Ă”Ă¶ÂŁ Ă”ĂąĂŻ /templates
Ă”Ă¶ÂŁ Ă”ĂąĂŻ /templates-enhanced
Ă”Ă¶ÂŁ Ă”ĂąĂŻ /tools
Ă”Ă¶Ă¶ Ă”ĂąĂŻ /voice


ĂŁĂ† Proxy (Middleware)

Ă”ĂąĂŻ  (Static)   prerendered as static content
ĂŁĂ†  (Dynamic)  server-rendered on demand

