lib/template-orchestrator.ts(83,7): error TS2322: Type 'ContractTemplate | undefined' is not assignable to type 'ExtendedTemplateMetadata | undefined'.
  Type 'ContractTemplate' is missing the following properties from type 'ExtendedTemplateMetadata': supportedJurisdictions, lastLegalReview, aiEnhanced, multiLanguage, and 5 more.
lib/template-orchestrator.ts(110,7): error TS2353: Object literal may only specify known properties, and 'event' does not exist in type '{ type: "view" | "download" | "customize" | "execute" | "abandon" | "dispute" | "renew" | "rate"; templateId: string; userId: string; metadata?: any; timestamp?: Date | undefined; }'.
lib/template-orchestrator.ts(134,29): error TS2554: Expected 3 arguments, but got 2.
lib/template-orchestrator.ts(153,7): error TS2554: Expected 1 arguments, but got 4.
lib/template-orchestrator.ts(161,7): error TS2353: Object literal may only specify known properties, and 'event' does not exist in type '{ type: "view" | "download" | "customize" | "execute" | "abandon" | "dispute" | "renew" | "rate"; templateId: string; userId: string; metadata?: any; timestamp?: Date | undefined; }'.
lib/template-orchestrator.ts(200,7): error TS2322: Type '(ContractTemplate | ExtendedTemplateMetadata)[]' is not assignable to type 'ExtendedTemplateMetadata[]'.
  Type 'ContractTemplate | ExtendedTemplateMetadata' is not assignable to type 'ExtendedTemplateMetadata'.
    Type 'ContractTemplate' is missing the following properties from type 'ExtendedTemplateMetadata': supportedJurisdictions, lastLegalReview, aiEnhanced, multiLanguage, and 5 more.
lib/template-orchestrator.ts(249,7): error TS2353: Object literal may only specify known properties, and 'event' does not exist in type '{ type: "view" | "download" | "customize" | "execute" | "abandon" | "dispute" | "renew" | "rate"; templateId: string; userId: string; metadata?: any; timestamp?: Date | undefined; }'.
lib/template-orchestrator.ts(257,5): error TS2322: Type 'void' is not assignable to type 'string | Buffer<ArrayBufferLike>'.
lib/template-orchestrator.ts(279,7): error TS2554: Expected 1 arguments, but got 3.
lib/template-orchestrator.ts(286,7): error TS2353: Object literal may only specify known properties, and 'event' does not exist in type '{ type: "view" | "download" | "customize" | "execute" | "abandon" | "dispute" | "renew" | "rate"; templateId: string; userId: string; metadata?: any; timestamp?: Date | undefined; }'.
lib/template-orchestrator.ts(307,7): error TS2353: Object literal may only specify known properties, and 'event' does not exist in type '{ type: "view" | "download" | "customize" | "execute" | "abandon" | "dispute" | "renew" | "rate"; templateId: string; userId: string; metadata?: any; timestamp?: Date | undefined; }'.
lib/templates-data.ts(2812,17): error TS2323: Cannot redeclare exported variable 'searchTemplates'.
lib/templates-data.ts(2812,17): error TS2393: Duplicate function implementation.
lib/templates-data.ts(2836,17): error TS2323: Cannot redeclare exported variable 'getTemplateCategories'.
lib/templates-data.ts(2836,17): error TS2393: Duplicate function implementation.
lib/templates-data.ts(2844,17): error TS2323: Cannot redeclare exported variable 'getTemplateById'.
lib/templates-data.ts(2844,17): error TS2393: Duplicate function implementation.
lib/templates-data.ts(2996,17): error TS2323: Cannot redeclare exported variable 'searchTemplates'.
lib/templates-data.ts(2996,17): error TS2393: Duplicate function implementation.
lib/templates-data.ts(3005,17): error TS2323: Cannot redeclare exported variable 'getTemplateById'.
lib/templates-data.ts(3005,17): error TS2393: Duplicate function implementation.
lib/templates-data.ts(3009,17): error TS2323: Cannot redeclare exported variable 'getTemplateCategories'.
lib/templates-data.ts(3009,17): error TS2393: Duplicate function implementation.
